Created by PLY version 3.11 (http://www.dabeaz.com/ply)

Unused terminals:

    JOIN
    LIMIT
    LPAREN
    RPAREN
    USING

Grammar

Rule 0     S' -> program
Rule 1     program -> command_list
Rule 2     command_list -> command SEMICOLON
Rule 3     command_list -> command SEMICOLON command_list
Rule 4     command -> import_cmd
Rule 5     command -> export_cmd
Rule 6     command -> discard_cmd
Rule 7     command -> rename_cmd
Rule 8     command -> print_cmd
Rule 9     command -> select_cmd
Rule 10    command -> create_cmd
Rule 11    command -> procedure_def
Rule 12    command -> procedure_call
Rule 13    import_cmd -> IMPORT TABLE ID FROM STRING
Rule 14    export_cmd -> EXPORT TABLE ID AS STRING
Rule 15    discard_cmd -> DISCARD TABLE ID
Rule 16    rename_cmd -> RENAME TABLE ID ID
Rule 17    print_cmd -> PRINT TABLE ID
Rule 18    select_cmd -> SELECT select_list FROM table_reference
Rule 19    select_cmd -> SELECT select_list FROM table_reference WHERE condition
Rule 20    table_reference -> ID
Rule 21    table_reference -> TABLE ID
Rule 22    select_list -> STAR
Rule 23    select_list -> ID
Rule 24    select_list -> select_list COMMA ID
Rule 25    condition -> expression
Rule 26    condition -> condition AND condition
Rule 27    expression -> ID LT NUMBER
Rule 28    expression -> ID GT NUMBER
Rule 29    expression -> ID LE NUMBER
Rule 30    expression -> ID GE NUMBER
Rule 31    expression -> ID EQ NUMBER
Rule 32    expression -> ID NE NUMBER
Rule 33    create_cmd -> CREATE TABLE ID
Rule 34    procedure_def -> PROCEDURE ID DO command_list END
Rule 35    procedure_call -> CALL ID

Terminals, with rules where they appear

AND                  : 26
AS                   : 14
CALL                 : 35
COMMA                : 24
CREATE               : 33
DISCARD              : 15
DO                   : 34
END                  : 34
EQ                   : 31
EXPORT               : 14
FROM                 : 13 18 19
GE                   : 30
GT                   : 28
ID                   : 13 14 15 16 16 17 20 21 23 24 27 28 29 30 31 32 33 34 35
IMPORT               : 13
JOIN                 : 
LE                   : 29
LIMIT                : 
LPAREN               : 
LT                   : 27
NE                   : 32
NUMBER               : 27 28 29 30 31 32
PRINT                : 17
PROCEDURE            : 34
RENAME               : 16
RPAREN               : 
SELECT               : 18 19
SEMICOLON            : 2 3
STAR                 : 22
STRING               : 13 14
TABLE                : 13 14 15 16 17 21 33
USING                : 
WHERE                : 19
error                : 

Nonterminals, with rules where they appear

command              : 2 3
command_list         : 1 3 34
condition            : 19 26 26
create_cmd           : 10
discard_cmd          : 6
export_cmd           : 5
expression           : 25
import_cmd           : 4
print_cmd            : 8
procedure_call       : 12
procedure_def        : 11
program              : 0
rename_cmd           : 7
select_cmd           : 9
select_list          : 18 19 24
table_reference      : 18 19

Parsing method: LALR

state 0

    (0) S' -> . program
    (1) program -> . command_list
    (2) command_list -> . command SEMICOLON
    (3) command_list -> . command SEMICOLON command_list
    (4) command -> . import_cmd
    (5) command -> . export_cmd
    (6) command -> . discard_cmd
    (7) command -> . rename_cmd
    (8) command -> . print_cmd
    (9) command -> . select_cmd
    (10) command -> . create_cmd
    (11) command -> . procedure_def
    (12) command -> . procedure_call
    (13) import_cmd -> . IMPORT TABLE ID FROM STRING
    (14) export_cmd -> . EXPORT TABLE ID AS STRING
    (15) discard_cmd -> . DISCARD TABLE ID
    (16) rename_cmd -> . RENAME TABLE ID ID
    (17) print_cmd -> . PRINT TABLE ID
    (18) select_cmd -> . SELECT select_list FROM table_reference
    (19) select_cmd -> . SELECT select_list FROM table_reference WHERE condition
    (33) create_cmd -> . CREATE TABLE ID
    (34) procedure_def -> . PROCEDURE ID DO command_list END
    (35) procedure_call -> . CALL ID

    IMPORT          shift and go to state 13
    EXPORT          shift and go to state 14
    DISCARD         shift and go to state 15
    RENAME          shift and go to state 16
    PRINT           shift and go to state 17
    SELECT          shift and go to state 18
    CREATE          shift and go to state 19
    PROCEDURE       shift and go to state 20
    CALL            shift and go to state 21

    program                        shift and go to state 1
    command_list                   shift and go to state 2
    command                        shift and go to state 3
    import_cmd                     shift and go to state 4
    export_cmd                     shift and go to state 5
    discard_cmd                    shift and go to state 6
    rename_cmd                     shift and go to state 7
    print_cmd                      shift and go to state 8
    select_cmd                     shift and go to state 9
    create_cmd                     shift and go to state 10
    procedure_def                  shift and go to state 11
    procedure_call                 shift and go to state 12

state 1

    (0) S' -> program .



state 2

    (1) program -> command_list .

    $end            reduce using rule 1 (program -> command_list .)


state 3

    (2) command_list -> command . SEMICOLON
    (3) command_list -> command . SEMICOLON command_list

    SEMICOLON       shift and go to state 22


state 4

    (4) command -> import_cmd .

    SEMICOLON       reduce using rule 4 (command -> import_cmd .)


state 5

    (5) command -> export_cmd .

    SEMICOLON       reduce using rule 5 (command -> export_cmd .)


state 6

    (6) command -> discard_cmd .

    SEMICOLON       reduce using rule 6 (command -> discard_cmd .)


state 7

    (7) command -> rename_cmd .

    SEMICOLON       reduce using rule 7 (command -> rename_cmd .)


state 8

    (8) command -> print_cmd .

    SEMICOLON       reduce using rule 8 (command -> print_cmd .)


state 9

    (9) command -> select_cmd .

    SEMICOLON       reduce using rule 9 (command -> select_cmd .)


state 10

    (10) command -> create_cmd .

    SEMICOLON       reduce using rule 10 (command -> create_cmd .)


state 11

    (11) command -> procedure_def .

    SEMICOLON       reduce using rule 11 (command -> procedure_def .)


state 12

    (12) command -> procedure_call .

    SEMICOLON       reduce using rule 12 (command -> procedure_call .)


state 13

    (13) import_cmd -> IMPORT . TABLE ID FROM STRING

    TABLE           shift and go to state 23


state 14

    (14) export_cmd -> EXPORT . TABLE ID AS STRING

    TABLE           shift and go to state 24


state 15

    (15) discard_cmd -> DISCARD . TABLE ID

    TABLE           shift and go to state 25


state 16

    (16) rename_cmd -> RENAME . TABLE ID ID

    TABLE           shift and go to state 26


state 17

    (17) print_cmd -> PRINT . TABLE ID

    TABLE           shift and go to state 27


state 18

    (18) select_cmd -> SELECT . select_list FROM table_reference
    (19) select_cmd -> SELECT . select_list FROM table_reference WHERE condition
    (22) select_list -> . STAR
    (23) select_list -> . ID
    (24) select_list -> . select_list COMMA ID

    STAR            shift and go to state 29
    ID              shift and go to state 30

    select_list                    shift and go to state 28

state 19

    (33) create_cmd -> CREATE . TABLE ID

    TABLE           shift and go to state 31


state 20

    (34) procedure_def -> PROCEDURE . ID DO command_list END

    ID              shift and go to state 32


state 21

    (35) procedure_call -> CALL . ID

    ID              shift and go to state 33


state 22

    (2) command_list -> command SEMICOLON .
    (3) command_list -> command SEMICOLON . command_list
    (2) command_list -> . command SEMICOLON
    (3) command_list -> . command SEMICOLON command_list
    (4) command -> . import_cmd
    (5) command -> . export_cmd
    (6) command -> . discard_cmd
    (7) command -> . rename_cmd
    (8) command -> . print_cmd
    (9) command -> . select_cmd
    (10) command -> . create_cmd
    (11) command -> . procedure_def
    (12) command -> . procedure_call
    (13) import_cmd -> . IMPORT TABLE ID FROM STRING
    (14) export_cmd -> . EXPORT TABLE ID AS STRING
    (15) discard_cmd -> . DISCARD TABLE ID
    (16) rename_cmd -> . RENAME TABLE ID ID
    (17) print_cmd -> . PRINT TABLE ID
    (18) select_cmd -> . SELECT select_list FROM table_reference
    (19) select_cmd -> . SELECT select_list FROM table_reference WHERE condition
    (33) create_cmd -> . CREATE TABLE ID
    (34) procedure_def -> . PROCEDURE ID DO command_list END
    (35) procedure_call -> . CALL ID

    $end            reduce using rule 2 (command_list -> command SEMICOLON .)
    END             reduce using rule 2 (command_list -> command SEMICOLON .)
    IMPORT          shift and go to state 13
    EXPORT          shift and go to state 14
    DISCARD         shift and go to state 15
    RENAME          shift and go to state 16
    PRINT           shift and go to state 17
    SELECT          shift and go to state 18
    CREATE          shift and go to state 19
    PROCEDURE       shift and go to state 20
    CALL            shift and go to state 21

    command                        shift and go to state 3
    command_list                   shift and go to state 34
    import_cmd                     shift and go to state 4
    export_cmd                     shift and go to state 5
    discard_cmd                    shift and go to state 6
    rename_cmd                     shift and go to state 7
    print_cmd                      shift and go to state 8
    select_cmd                     shift and go to state 9
    create_cmd                     shift and go to state 10
    procedure_def                  shift and go to state 11
    procedure_call                 shift and go to state 12

state 23

    (13) import_cmd -> IMPORT TABLE . ID FROM STRING

    ID              shift and go to state 35


state 24

    (14) export_cmd -> EXPORT TABLE . ID AS STRING

    ID              shift and go to state 36


state 25

    (15) discard_cmd -> DISCARD TABLE . ID

    ID              shift and go to state 37


state 26

    (16) rename_cmd -> RENAME TABLE . ID ID

    ID              shift and go to state 38


state 27

    (17) print_cmd -> PRINT TABLE . ID

    ID              shift and go to state 39


state 28

    (18) select_cmd -> SELECT select_list . FROM table_reference
    (19) select_cmd -> SELECT select_list . FROM table_reference WHERE condition
    (24) select_list -> select_list . COMMA ID

    FROM            shift and go to state 40
    COMMA           shift and go to state 41


state 29

    (22) select_list -> STAR .

    FROM            reduce using rule 22 (select_list -> STAR .)
    COMMA           reduce using rule 22 (select_list -> STAR .)


state 30

    (23) select_list -> ID .

    FROM            reduce using rule 23 (select_list -> ID .)
    COMMA           reduce using rule 23 (select_list -> ID .)


state 31

    (33) create_cmd -> CREATE TABLE . ID

    ID              shift and go to state 42


state 32

    (34) procedure_def -> PROCEDURE ID . DO command_list END

    DO              shift and go to state 43


state 33

    (35) procedure_call -> CALL ID .

    SEMICOLON       reduce using rule 35 (procedure_call -> CALL ID .)


state 34

    (3) command_list -> command SEMICOLON command_list .

    $end            reduce using rule 3 (command_list -> command SEMICOLON command_list .)
    END             reduce using rule 3 (command_list -> command SEMICOLON command_list .)


state 35

    (13) import_cmd -> IMPORT TABLE ID . FROM STRING

    FROM            shift and go to state 44


state 36

    (14) export_cmd -> EXPORT TABLE ID . AS STRING

    AS              shift and go to state 45


state 37

    (15) discard_cmd -> DISCARD TABLE ID .

    SEMICOLON       reduce using rule 15 (discard_cmd -> DISCARD TABLE ID .)


state 38

    (16) rename_cmd -> RENAME TABLE ID . ID

    ID              shift and go to state 46


state 39

    (17) print_cmd -> PRINT TABLE ID .

    SEMICOLON       reduce using rule 17 (print_cmd -> PRINT TABLE ID .)


state 40

    (18) select_cmd -> SELECT select_list FROM . table_reference
    (19) select_cmd -> SELECT select_list FROM . table_reference WHERE condition
    (20) table_reference -> . ID
    (21) table_reference -> . TABLE ID

    ID              shift and go to state 48
    TABLE           shift and go to state 49

    table_reference                shift and go to state 47

state 41

    (24) select_list -> select_list COMMA . ID

    ID              shift and go to state 50


state 42

    (33) create_cmd -> CREATE TABLE ID .

    SEMICOLON       reduce using rule 33 (create_cmd -> CREATE TABLE ID .)


state 43

    (34) procedure_def -> PROCEDURE ID DO . command_list END
    (2) command_list -> . command SEMICOLON
    (3) command_list -> . command SEMICOLON command_list
    (4) command -> . import_cmd
    (5) command -> . export_cmd
    (6) command -> . discard_cmd
    (7) command -> . rename_cmd
    (8) command -> . print_cmd
    (9) command -> . select_cmd
    (10) command -> . create_cmd
    (11) command -> . procedure_def
    (12) command -> . procedure_call
    (13) import_cmd -> . IMPORT TABLE ID FROM STRING
    (14) export_cmd -> . EXPORT TABLE ID AS STRING
    (15) discard_cmd -> . DISCARD TABLE ID
    (16) rename_cmd -> . RENAME TABLE ID ID
    (17) print_cmd -> . PRINT TABLE ID
    (18) select_cmd -> . SELECT select_list FROM table_reference
    (19) select_cmd -> . SELECT select_list FROM table_reference WHERE condition
    (33) create_cmd -> . CREATE TABLE ID
    (34) procedure_def -> . PROCEDURE ID DO command_list END
    (35) procedure_call -> . CALL ID

    IMPORT          shift and go to state 13
    EXPORT          shift and go to state 14
    DISCARD         shift and go to state 15
    RENAME          shift and go to state 16
    PRINT           shift and go to state 17
    SELECT          shift and go to state 18
    CREATE          shift and go to state 19
    PROCEDURE       shift and go to state 20
    CALL            shift and go to state 21

    command_list                   shift and go to state 51
    command                        shift and go to state 3
    import_cmd                     shift and go to state 4
    export_cmd                     shift and go to state 5
    discard_cmd                    shift and go to state 6
    rename_cmd                     shift and go to state 7
    print_cmd                      shift and go to state 8
    select_cmd                     shift and go to state 9
    create_cmd                     shift and go to state 10
    procedure_def                  shift and go to state 11
    procedure_call                 shift and go to state 12

state 44

    (13) import_cmd -> IMPORT TABLE ID FROM . STRING

    STRING          shift and go to state 52


state 45

    (14) export_cmd -> EXPORT TABLE ID AS . STRING

    STRING          shift and go to state 53


state 46

    (16) rename_cmd -> RENAME TABLE ID ID .

    SEMICOLON       reduce using rule 16 (rename_cmd -> RENAME TABLE ID ID .)


state 47

    (18) select_cmd -> SELECT select_list FROM table_reference .
    (19) select_cmd -> SELECT select_list FROM table_reference . WHERE condition

    SEMICOLON       reduce using rule 18 (select_cmd -> SELECT select_list FROM table_reference .)
    WHERE           shift and go to state 54


state 48

    (20) table_reference -> ID .

    WHERE           reduce using rule 20 (table_reference -> ID .)
    SEMICOLON       reduce using rule 20 (table_reference -> ID .)


state 49

    (21) table_reference -> TABLE . ID

    ID              shift and go to state 55


state 50

    (24) select_list -> select_list COMMA ID .

    FROM            reduce using rule 24 (select_list -> select_list COMMA ID .)
    COMMA           reduce using rule 24 (select_list -> select_list COMMA ID .)


state 51

    (34) procedure_def -> PROCEDURE ID DO command_list . END

    END             shift and go to state 56


state 52

    (13) import_cmd -> IMPORT TABLE ID FROM STRING .

    SEMICOLON       reduce using rule 13 (import_cmd -> IMPORT TABLE ID FROM STRING .)


state 53

    (14) export_cmd -> EXPORT TABLE ID AS STRING .

    SEMICOLON       reduce using rule 14 (export_cmd -> EXPORT TABLE ID AS STRING .)


state 54

    (19) select_cmd -> SELECT select_list FROM table_reference WHERE . condition
    (25) condition -> . expression
    (26) condition -> . condition AND condition
    (27) expression -> . ID LT NUMBER
    (28) expression -> . ID GT NUMBER
    (29) expression -> . ID LE NUMBER
    (30) expression -> . ID GE NUMBER
    (31) expression -> . ID EQ NUMBER
    (32) expression -> . ID NE NUMBER

    ID              shift and go to state 59

    condition                      shift and go to state 57
    expression                     shift and go to state 58

state 55

    (21) table_reference -> TABLE ID .

    WHERE           reduce using rule 21 (table_reference -> TABLE ID .)
    SEMICOLON       reduce using rule 21 (table_reference -> TABLE ID .)


state 56

    (34) procedure_def -> PROCEDURE ID DO command_list END .

    SEMICOLON       reduce using rule 34 (procedure_def -> PROCEDURE ID DO command_list END .)


state 57

    (19) select_cmd -> SELECT select_list FROM table_reference WHERE condition .
    (26) condition -> condition . AND condition

    SEMICOLON       reduce using rule 19 (select_cmd -> SELECT select_list FROM table_reference WHERE condition .)
    AND             shift and go to state 60


state 58

    (25) condition -> expression .

    AND             reduce using rule 25 (condition -> expression .)
    SEMICOLON       reduce using rule 25 (condition -> expression .)


state 59

    (27) expression -> ID . LT NUMBER
    (28) expression -> ID . GT NUMBER
    (29) expression -> ID . LE NUMBER
    (30) expression -> ID . GE NUMBER
    (31) expression -> ID . EQ NUMBER
    (32) expression -> ID . NE NUMBER

    LT              shift and go to state 61
    GT              shift and go to state 62
    LE              shift and go to state 63
    GE              shift and go to state 64
    EQ              shift and go to state 65
    NE              shift and go to state 66


state 60

    (26) condition -> condition AND . condition
    (25) condition -> . expression
    (26) condition -> . condition AND condition
    (27) expression -> . ID LT NUMBER
    (28) expression -> . ID GT NUMBER
    (29) expression -> . ID LE NUMBER
    (30) expression -> . ID GE NUMBER
    (31) expression -> . ID EQ NUMBER
    (32) expression -> . ID NE NUMBER

    ID              shift and go to state 59

    condition                      shift and go to state 67
    expression                     shift and go to state 58

state 61

    (27) expression -> ID LT . NUMBER

    NUMBER          shift and go to state 68


state 62

    (28) expression -> ID GT . NUMBER

    NUMBER          shift and go to state 69


state 63

    (29) expression -> ID LE . NUMBER

    NUMBER          shift and go to state 70


state 64

    (30) expression -> ID GE . NUMBER

    NUMBER          shift and go to state 71


state 65

    (31) expression -> ID EQ . NUMBER

    NUMBER          shift and go to state 72


state 66

    (32) expression -> ID NE . NUMBER

    NUMBER          shift and go to state 73


state 67

    (26) condition -> condition AND condition .
    (26) condition -> condition . AND condition

    AND             reduce using rule 26 (condition -> condition AND condition .)
    SEMICOLON       reduce using rule 26 (condition -> condition AND condition .)

  ! AND             [ shift and go to state 60 ]


state 68

    (27) expression -> ID LT NUMBER .

    AND             reduce using rule 27 (expression -> ID LT NUMBER .)
    SEMICOLON       reduce using rule 27 (expression -> ID LT NUMBER .)


state 69

    (28) expression -> ID GT NUMBER .

    AND             reduce using rule 28 (expression -> ID GT NUMBER .)
    SEMICOLON       reduce using rule 28 (expression -> ID GT NUMBER .)


state 70

    (29) expression -> ID LE NUMBER .

    AND             reduce using rule 29 (expression -> ID LE NUMBER .)
    SEMICOLON       reduce using rule 29 (expression -> ID LE NUMBER .)


state 71

    (30) expression -> ID GE NUMBER .

    AND             reduce using rule 30 (expression -> ID GE NUMBER .)
    SEMICOLON       reduce using rule 30 (expression -> ID GE NUMBER .)


state 72

    (31) expression -> ID EQ NUMBER .

    AND             reduce using rule 31 (expression -> ID EQ NUMBER .)
    SEMICOLON       reduce using rule 31 (expression -> ID EQ NUMBER .)


state 73

    (32) expression -> ID NE NUMBER .

    AND             reduce using rule 32 (expression -> ID NE NUMBER .)
    SEMICOLON       reduce using rule 32 (expression -> ID NE NUMBER .)

